SF:C:\Users\Vaibhav\github\arbitrary-extensions\src\ArbitraryExtensions\Core\BoolExtensions.cs
FN:7,System.Boolean ArbitraryExtensions.Core.BoolExtensions::Toggle(System.Boolean)
FNDA:2,System.Boolean ArbitraryExtensions.Core.BoolExtensions::Toggle(System.Boolean)
DA:8,2
FN:14,System.Nullable`1<System.Boolean> ArbitraryExtensions.Core.BoolExtensions::Toggle(System.Nullable`1<System.Boolean>,System.Boolean)
FNDA:6,System.Nullable`1<System.Boolean> ArbitraryExtensions.Core.BoolExtensions::Toggle(System.Nullable`1<System.Boolean>,System.Boolean)
DA:15,6
DA:16,6
DA:17,4
DA:19,2
DA:20,6
BRDA:16,10,0,4
BRDA:17,21,0,0
BRDA:17,21,1,4
BRDA:16,10,1,2
BRDA:19,53,0,1
BRDA:19,53,1,1
LF:6
LH:6
BRF:6
BRH:5
FNF:2
FNH:2
end_of_record
SF:C:\Users\Vaibhav\github\arbitrary-extensions\src\ArbitraryExtensions\Core\DateTimeExtensions.cs
FN:9,System.TimeSpan ArbitraryExtensions.Core.DateTimeExtensions::Elapsed(System.DateTime,System.DateTime)
FNDA:1,System.TimeSpan ArbitraryExtensions.Core.DateTimeExtensions::Elapsed(System.DateTime,System.DateTime)
DA:10,1
FN:17,System.Boolean ArbitraryExtensions.Core.DateTimeExtensions::IsInRange(System.DateTime,System.DateTime,System.DateTime)
FNDA:1,System.Boolean ArbitraryExtensions.Core.DateTimeExtensions::IsInRange(System.DateTime,System.DateTime,System.DateTime)
DA:18,1
BRDA:18,7,0,1
BRDA:18,7,1,0
LF:2
LH:2
BRF:2
BRH:1
FNF:2
FNH:2
end_of_record
SF:C:\Users\Vaibhav\github\arbitrary-extensions\src\ArbitraryExtensions\Core\StringExtensions.cs
FN:10,System.String ArbitraryExtensions.Core.StringExtensions::DefaultIfNullOrEmpty(System.String,System.String)
FNDA:8,System.String ArbitraryExtensions.Core.StringExtensions::DefaultIfNullOrEmpty(System.String,System.String)
DA:11,8
BRDA:11,6,0,3
BRDA:11,6,1,5
FN:16,System.String ArbitraryExtensions.Core.StringExtensions::DefaultIfNullOrWhitespace(System.String,System.String)
FNDA:14,System.String ArbitraryExtensions.Core.StringExtensions::DefaultIfNullOrWhitespace(System.String,System.String)
DA:17,14
BRDA:17,6,0,1
BRDA:17,6,1,13
FN:21,System.String ArbitraryExtensions.Core.StringExtensions::EmptyIfNull(System.String)
FNDA:4,System.String ArbitraryExtensions.Core.StringExtensions::EmptyIfNull(System.String)
DA:22,4
BRDA:22,2,0,1
BRDA:22,2,1,4
FN:28,System.String ArbitraryExtensions.Core.StringExtensions::ToTitleCase(System.String,System.Boolean)
FNDA:4,System.String ArbitraryExtensions.Core.StringExtensions::ToTitleCase(System.String,System.Boolean)
DA:29,4
DA:30,5
DA:31,3
DA:32,3
DA:33,4
BRDA:30,9,0,1
BRDA:30,9,1,3
BRDA:32,33,0,2
BRDA:32,33,1,1
FN:41,System.Boolean ArbitraryExtensions.Core.StringExtensions::EqualsIgnoreCase(System.String,System.String)
FNDA:3,System.Boolean ArbitraryExtensions.Core.StringExtensions::EqualsIgnoreCase(System.String,System.String)
DA:42,3
DA:43,3
DA:44,3
FN:52,System.Boolean ArbitraryExtensions.Core.StringExtensions::StartsWithIgnoreCase(System.String,System.String)
FNDA:9,System.Boolean ArbitraryExtensions.Core.StringExtensions::StartsWithIgnoreCase(System.String,System.String)
DA:53,9
DA:54,13
DA:56,5
DA:57,9
BRDA:54,7,0,6
BRDA:54,7,1,3
BRDA:54,20,0,4
BRDA:54,20,1,5
FN:65,System.Boolean ArbitraryExtensions.Core.StringExtensions::EndsWithIgnoreCase(System.String,System.String)
FNDA:9,System.Boolean ArbitraryExtensions.Core.StringExtensions::EndsWithIgnoreCase(System.String,System.String)
DA:66,9
DA:67,13
DA:69,5
DA:70,9
BRDA:67,7,0,6
BRDA:67,7,1,3
BRDA:67,20,0,4
BRDA:67,20,1,5
FN:74,System.String ArbitraryExtensions.Core.StringExtensions::UrlEncode(System.String)
FNDA:0,System.String ArbitraryExtensions.Core.StringExtensions::UrlEncode(System.String)
DA:75,0
FN:79,System.String ArbitraryExtensions.Core.StringExtensions::UrlDecode(System.String)
FNDA:0,System.String ArbitraryExtensions.Core.StringExtensions::UrlDecode(System.String)
DA:80,0
FN:84,System.String ArbitraryExtensions.Core.StringExtensions::HtmlEncode(System.String)
FNDA:0,System.String ArbitraryExtensions.Core.StringExtensions::HtmlEncode(System.String)
DA:85,0
FN:89,System.String ArbitraryExtensions.Core.StringExtensions::HtmlDecode(System.String)
FNDA:0,System.String ArbitraryExtensions.Core.StringExtensions::HtmlDecode(System.String)
DA:90,0
LF:23
LH:19
BRF:18
BRH:18
FNF:11
FNH:7
end_of_record