SF:/Users/vaibhavsharma/arbitrarybytes/arbitrary-extensions/src/ArbitraryExtensions/Core/BoolExtensions.cs
FN:7,System.Boolean ArbitraryExtensions.Core.BoolExtensions::Toggle(System.Boolean)
FNDA:2,System.Boolean ArbitraryExtensions.Core.BoolExtensions::Toggle(System.Boolean)
DA:8,2
FN:14,System.Nullable`1<System.Boolean> ArbitraryExtensions.Core.BoolExtensions::Toggle(System.Nullable`1<System.Boolean>,System.Boolean)
FNDA:6,System.Nullable`1<System.Boolean> ArbitraryExtensions.Core.BoolExtensions::Toggle(System.Nullable`1<System.Boolean>,System.Boolean)
DA:15,6
DA:16,6
DA:17,4
DA:19,2
DA:20,6
BRDA:16,10,0,4
BRDA:17,21,0,0
BRDA:17,21,1,4
BRDA:16,10,1,2
BRDA:19,53,0,1
BRDA:19,53,1,1
LF:6
LH:6
BRF:6
BRH:5
FNF:2
FNH:2
end_of_record
SF:/Users/vaibhavsharma/arbitrarybytes/arbitrary-extensions/src/ArbitraryExtensions/Core/DateTimeExtensions.cs
FN:8,System.TimeSpan ArbitraryExtensions.Core.DateTimeExtensions::Elapsed(System.DateTime)
FNDA:0,System.TimeSpan ArbitraryExtensions.Core.DateTimeExtensions::Elapsed(System.DateTime)
DA:9,0
FN:16,System.Boolean ArbitraryExtensions.Core.DateTimeExtensions::IsInRange(System.DateTime,System.DateTime,System.DateTime)
FNDA:0,System.Boolean ArbitraryExtensions.Core.DateTimeExtensions::IsInRange(System.DateTime,System.DateTime,System.DateTime)
DA:17,0
BRDA:17,7,0,0
BRDA:17,7,1,0
LF:2
LH:0
BRF:2
BRH:0
FNF:2
FNH:0
end_of_record
SF:/Users/vaibhavsharma/arbitrarybytes/arbitrary-extensions/src/ArbitraryExtensions/Core/StringExtensions.cs
FN:8,System.String ArbitraryExtensions.Core.StringExtensions::DefaultIfNullOrEmpty(System.String,System.String)
FNDA:9,System.String ArbitraryExtensions.Core.StringExtensions::DefaultIfNullOrEmpty(System.String,System.String)
DA:9,9
BRDA:9,6,0,3
BRDA:9,6,1,6
FN:14,System.String ArbitraryExtensions.Core.StringExtensions::DefaultIfNullOrWhitespace(System.String,System.String)
FNDA:15,System.String ArbitraryExtensions.Core.StringExtensions::DefaultIfNullOrWhitespace(System.String,System.String)
DA:15,15
BRDA:15,6,0,1
BRDA:15,6,1,14
FN:21,System.String ArbitraryExtensions.Core.StringExtensions::ToTitleCase(System.String,System.Boolean)
FNDA:3,System.String ArbitraryExtensions.Core.StringExtensions::ToTitleCase(System.String,System.Boolean)
DA:22,3
DA:23,0
DA:24,3
DA:25,3
DA:26,3
BRDA:23,9,0,0
BRDA:23,9,1,3
BRDA:25,33,0,2
BRDA:25,33,1,1
LF:7
LH:6
BRF:8
BRH:7
FNF:3
FNH:3
end_of_record
SF:/Users/vaibhavsharma/.nuget/packages/microsoft.net.test.sdk/16.4.0/build/netcoreapp2.1/Microsoft.NET.Test.Sdk.Program.cs
FN:3,System.Void AutoGeneratedProgram::Main(System.String[])
FNDA:0,System.Void AutoGeneratedProgram::Main(System.String[])
DA:4,0
LF:1
LH:0
BRF:0
BRH:0
FNF:1
FNH:0
end_of_record
SF:/Users/vaibhavsharma/arbitrarybytes/arbitrary-extensions/src/ArbitraryExtensions.Tests/BoolExtensionsTests.cs
FN:14,System.Void ArbitraryExtensions.Tests.BoolExtensionsTests::TestToggle(System.Boolean,System.Boolean)
FNDA:2,System.Void ArbitraryExtensions.Tests.BoolExtensionsTests::TestToggle(System.Boolean,System.Boolean)
DA:15,2
DA:16,2
DA:17,2
FN:26,System.Void ArbitraryExtensions.Tests.BoolExtensionsTests::TestToggleNullable(System.Nullable`1<System.Boolean>,System.Boolean,System.Nullable`1<System.Boolean>)
FNDA:6,System.Void ArbitraryExtensions.Tests.BoolExtensionsTests::TestToggleNullable(System.Nullable`1<System.Boolean>,System.Boolean,System.Nullable`1<System.Boolean>)
DA:27,6
DA:28,6
DA:29,6
LF:6
LH:6
BRF:0
BRH:0
FNF:2
FNH:2
end_of_record
SF:/Users/vaibhavsharma/arbitrarybytes/arbitrary-extensions/src/ArbitraryExtensions.Tests/DateTimeExtensionsTests.cs
FN:13,System.Void ArbitraryExtensions.Tests.DateTimeExtensionsTests::TestIsInRange()
FNDA:1,System.Void ArbitraryExtensions.Tests.DateTimeExtensionsTests::TestIsInRange()
DA:14,1
DA:15,1
DA:17,1
FN:9,System.Void ArbitraryExtensions.Tests.DateTimeExtensionsTests::.cctor()
FNDA:0,System.Void ArbitraryExtensions.Tests.DateTimeExtensionsTests::.cctor()
DA:10,0
LF:4
LH:3
BRF:0
BRH:0
FNF:2
FNH:1
end_of_record
SF:/Users/vaibhavsharma/arbitrarybytes/arbitrary-extensions/src/ArbitraryExtensions.Tests/StringExtensionsTests.cs
FN:12,System.Void ArbitraryExtensions.Tests.StringExtensionsTests::Setup()
FNDA:27,System.Void ArbitraryExtensions.Tests.StringExtensionsTests::Setup()
DA:13,27
DA:14,27
FN:21,System.Void ArbitraryExtensions.Tests.StringExtensionsTests::TestDefaultIfNullOrEmpty(System.String,System.String)
FNDA:4,System.Void ArbitraryExtensions.Tests.StringExtensionsTests::TestDefaultIfNullOrEmpty(System.String,System.String)
DA:22,4
DA:23,4
DA:24,4
FN:32,System.Void ArbitraryExtensions.Tests.StringExtensionsTests::TestDefaultIfNullOrEmptyWithDefaultValue(System.String,System.String,System.String)
FNDA:5,System.Void ArbitraryExtensions.Tests.StringExtensionsTests::TestDefaultIfNullOrEmptyWithDefaultValue(System.String,System.String,System.String)
DA:33,5
DA:34,5
DA:35,5
FN:45,System.Void ArbitraryExtensions.Tests.StringExtensionsTests::TestDefaultIfNullOrWhitespace(System.String,System.String)
FNDA:7,System.Void ArbitraryExtensions.Tests.StringExtensionsTests::TestDefaultIfNullOrWhitespace(System.String,System.String)
DA:46,7
DA:47,7
DA:48,7
FN:59,System.Void ArbitraryExtensions.Tests.StringExtensionsTests::TestDefaultIfNullOrWhitespaceWithDefaultValue(System.String,System.String,System.String)
FNDA:8,System.Void ArbitraryExtensions.Tests.StringExtensionsTests::TestDefaultIfNullOrWhitespaceWithDefaultValue(System.String,System.String,System.String)
DA:60,8
DA:61,8
DA:62,8
FN:68,System.Void ArbitraryExtensions.Tests.StringExtensionsTests::TestTitleCase(System.String,System.Boolean,System.String)
FNDA:3,System.Void ArbitraryExtensions.Tests.StringExtensionsTests::TestTitleCase(System.String,System.Boolean,System.String)
DA:69,3
DA:70,3
DA:71,3
LF:17
LH:17
BRF:0
BRH:0
FNF:6
FNH:6
end_of_record